Arguments: 
  C:\Program Files\nodejs\node.exe C:\Program Files (x86)\Yarn\lib\cli.js add -E gatsby-source-protrainup

PATH: 
  C:\Program Files (x86)\Common Files\Oracle\Java\javapath;C:\Windows\system32;C:\Windows;C:\Windows\System32\Wbem;C:\Windows\System32\WindowsPowerShell\v1.0\;C:\Windows\System32\OpenSSH\;C:\Program Files\Microsoft SQL Server\130\Tools\Binn\;C:\Program Files\Microsoft SQL Server\Client SDK\ODBC\170\Tools\Binn\;C:\Program Files\Git\cmd;C:\Program Files (x86)\Yarn\bin\;C:\Program Files\dotnet\;C:\Program Files\nodejs\;C:\Program Files\MySQL\MySQL Shell 8.0\bin\;C:\Users\Adrian\AppData\Local\Programs\Python\Python39\Scripts\;C:\Users\Adrian\AppData\Local\Programs\Python\Python39\;C:\Users\Adrian\AppData\Local\Programs\Python\Launcher\;C:\Users\Adrian\AppData\Local\Microsoft\WindowsApps;C:\Users\Adrian\AppData\Local\Programs\Microsoft VS Code\bin;C:\flutter\bin;C:\Program Files (x86)\Nmap;C:\Users\Adrian\Downloads\stripe;C:\Program Files (x86)\OpenSSL-Win32\bin;C:\Program Files\heroku\bin;C:\Users\Adrian\AppData\Local\Yarn\bin;C:\Users\Adrian\.dotnet\tools;C:\Users\Adrian\AppData\Roaming\npm

Yarn version: 
  1.22.5

Node version: 
  14.15.4

Platform: 
  win32 x64

Trace: 
  Error: https://registry.yarnpkg.com/gatsby-source-protrainup: Not found
      at Request.params.callback [as _callback] (C:\Program Files (x86)\Yarn\lib\cli.js:66097:18)
      at Request.self.callback (C:\Program Files (x86)\Yarn\lib\cli.js:140749:22)
      at Request.emit (events.js:315:20)
      at Request.<anonymous> (C:\Program Files (x86)\Yarn\lib\cli.js:141721:10)
      at Request.emit (events.js:315:20)
      at IncomingMessage.<anonymous> (C:\Program Files (x86)\Yarn\lib\cli.js:141643:12)
      at Object.onceWrapper (events.js:421:28)
      at IncomingMessage.emit (events.js:327:22)
      at endReadableNT (internal/streams/readable.js:1327:12)
      at processTicksAndRejections (internal/process/task_queues.js:80:21)

npm manifest: 
  {
    "name": "ks-stadion",
    "version": "1.0.0",
    "private": true,
    "description": "Ks Stadion",
    "author": "Adrian Bielec",
    "keywords": [
      "gatsby"
    ],
    "scripts": {
      "develop": "gatsby develop",
      "start": "gatsby develop",
      "build": "gatsby build",
      "serve": "gatsby serve",
      "clean": "gatsby clean"
    },
    "dependencies": {
      "@material-ui/core": "^4.11.3",
      "@material-ui/icons": "^4.11.2",
      "axios": "^0.21.1",
      "gatsby": "^2.32.3",
      "gatsby-image": "^2.11.0",
      "gatsby-plugin-manifest": "^2.12.0",
      "gatsby-plugin-material-ui": "^2.1.10",
      "gatsby-plugin-postcss": "^3.7.0",
      "gatsby-plugin-react-helmet": "^3.10.0",
      "gatsby-plugin-sharp": "^2.14.1",
      "gatsby-plugin-typescript": "^2.12.0",
      "gatsby-source-filesystem": "^2.11.0",
      "gatsby-source-strapi": "^1.0.0-alpha.0",
      "gatsby-transformer-sharp": "^2.12.0",
      "gatsby-transformer-typescript-css-modules": "^1.0.14",
      "quill": "^1.3.6",
      "react": "^16.13.1",
      "react-dom": "^16.13.1",
      "react-helmet": "^6.1.0",
      "react-slick": "^0.28.0",
      "slick-carousel": "^1.8.1",
      "typescript": "^4.1.5"
    },
    "devDependencies": {
      "@types/node": "^14.14.30",
      "@types/react": "^17.0.2",
      "@types/react-dom": "^17.0.1",
      "@types/react-helmet": "^6.1.0",
      "@types/react-slick": "^0.23.4",
      "@typescript-eslint/eslint-plugin": "^4.15.1",
      "@typescript-eslint/parser": "^4.15.1",
      "eslint-import-resolver-typescript": "^2.4.0"
    }
  }

yarn manifest: 
  No manifest

Lockfile: 
  No lockfile
